2024-07-25 14:52:27.9489 INFO Default Quartz.NET properties loaded from embedded resource file
2024-07-25 14:52:28.2243 INFO Initialized Scheduler Signaller of type: Quartz.Core.SchedulerSignalerImpl
2024-07-25 14:52:28.2243 INFO Quartz Scheduler created
2024-07-25 14:52:28.2243 INFO RAMJobStore initialized.
2024-07-25 14:52:28.2243 INFO Quartz Scheduler 3.11.0.0 - 'DefaultQuartzScheduler' with instanceId 'NON_CLUSTERED' initialized
2024-07-25 14:52:28.2243 INFO Using thread pool 'Quartz.Simpl.DefaultThreadPool', size: 10
2024-07-25 14:52:28.2243 INFO Using job store 'Quartz.Simpl.RAMJobStore', supports persistence: False, clustered: False
2024-07-25 14:52:28.2397 INFO Scheduler DefaultQuartzScheduler_$_NON_CLUSTERED started.
2024-07-25 14:52:28.2515 INFO Default Quartz.NET properties loaded from embedded resource file
2024-07-25 14:52:28.2515 INFO Scheduler DefaultQuartzScheduler_$_NON_CLUSTERED started.
2024-07-25 14:52:28.2987 INFO Current Time: 2024/7/25 下午 02:52:28
2024-07-25 14:52:28.2987 INFO Current Time: 2024/7/25 下午 02:52:28
2024-07-25 14:52:41.9615 INFO Default Quartz.NET properties loaded from embedded resource file
2024-07-25 14:52:42.2309 INFO Initialized Scheduler Signaller of type: Quartz.Core.SchedulerSignalerImpl
2024-07-25 14:52:42.2309 INFO Quartz Scheduler created
2024-07-25 14:52:42.2386 INFO RAMJobStore initialized.
2024-07-25 14:52:42.2386 INFO Quartz Scheduler 3.11.0.0 - 'DefaultQuartzScheduler' with instanceId 'NON_CLUSTERED' initialized
2024-07-25 14:52:42.2386 INFO Using thread pool 'Quartz.Simpl.DefaultThreadPool', size: 10
2024-07-25 14:52:42.2386 INFO Using job store 'Quartz.Simpl.RAMJobStore', supports persistence: False, clustered: False
2024-07-25 14:52:42.2386 INFO Scheduler DefaultQuartzScheduler_$_NON_CLUSTERED started.
2024-07-25 14:52:42.2537 INFO Default Quartz.NET properties loaded from embedded resource file
2024-07-25 14:52:42.2537 INFO Scheduler DefaultQuartzScheduler_$_NON_CLUSTERED started.
2024-07-25 14:52:42.3012 INFO Current Time: 2024/7/25 下午 02:52:42
2024-07-25 14:52:47.2584 INFO Current Time: 2024/7/25 下午 02:52:47
2024-07-25 14:52:52.2505 INFO Current Time: 2024/7/25 下午 02:52:52
2024-07-25 14:52:57.2513 INFO Current Time: 2024/7/25 下午 02:52:57
2024-07-25 14:53:00.0129 INFO Current Time: 2024/7/25 下午 02:53:00
2024-07-25 14:53:02.2611 INFO Current Time: 2024/7/25 下午 02:53:02
2024-07-25 14:54:27.6414|INFO|Quartz.Impl.StdSchedulerFactory|Default Quartz.NET properties loaded from embedded resource file
2024-07-25 14:54:27.9945|INFO|Quartz.Core.SchedulerSignalerImpl|Initialized Scheduler Signaller of type: Quartz.Core.SchedulerSignalerImpl
2024-07-25 14:54:27.9945|INFO|Quartz.Core.QuartzScheduler|Quartz Scheduler created
2024-07-25 14:54:27.9945|INFO|Quartz.Simpl.RAMJobStore|RAMJobStore initialized.
2024-07-25 14:54:27.9945|INFO|Quartz.Impl.StdSchedulerFactory|Quartz Scheduler 3.11.0.0 - 'DefaultQuartzScheduler' with instanceId 'NON_CLUSTERED' initialized
2024-07-25 14:54:27.9945|INFO|Quartz.Impl.StdSchedulerFactory|Using thread pool 'Quartz.Simpl.DefaultThreadPool', size: 10
2024-07-25 14:54:27.9945|INFO|Quartz.Impl.StdSchedulerFactory|Using job store 'Quartz.Simpl.RAMJobStore', supports persistence: False, clustered: False
2024-07-25 14:54:28.0044|INFO|Quartz.Core.QuartzScheduler|Scheduler DefaultQuartzScheduler_$_NON_CLUSTERED started.
2024-07-25 14:54:28.0220|INFO|Quartz.Impl.StdSchedulerFactory|Default Quartz.NET properties loaded from embedded resource file
2024-07-25 14:54:28.0220|INFO|Quartz.Core.QuartzScheduler|Scheduler DefaultQuartzScheduler_$_NON_CLUSTERED started.
2024-07-25 14:54:28.0704|INFO|20240708.IntervalJob|Current Time: 2024/7/25 下午 02:54:28
2024-07-25 14:54:28.0704|INFO|20240708.SpecificTimeJob|Current Time: 2024/7/25 下午 02:54:28
2024-07-25 14:54:33.0120|INFO|20240708.IntervalJob|Current Time: 2024/7/25 下午 02:54:33
2024-07-25 14:54:38.0124|INFO|20240708.IntervalJob|Current Time: 2024/7/25 下午 02:54:38
2024-07-25 14:54:43.0204|INFO|20240708.IntervalJob|Current Time: 2024/7/25 下午 02:54:43
2024-07-25 14:54:48.0125|INFO|20240708.IntervalJob|Current Time: 2024/7/25 下午 02:54:48
2024-07-25 14:54:53.0228|INFO|20240708.IntervalJob|Current Time: 2024/7/25 下午 02:54:53
2024-07-25 14:54:58.0159|INFO|20240708.IntervalJob|Current Time: 2024/7/25 下午 02:54:58
2024-07-25 14:55:03.0111|INFO|20240708.IntervalJob|Current Time: 2024/7/25 下午 02:55:03
2024-07-25 14:55:08.0250|INFO|20240708.IntervalJob|Current Time: 2024/7/25 下午 02:55:08
2024-07-25 14:55:13.0147|INFO|20240708.IntervalJob|Current Time: 2024/7/25 下午 02:55:13
2024-07-25 14:55:18.0239|INFO|20240708.IntervalJob|Current Time: 2024/7/25 下午 02:55:18
2024-07-25 14:55:23.0143|INFO|20240708.IntervalJob|Current Time: 2024/7/25 下午 02:55:23
2024-07-25 14:55:28.0140|INFO|20240708.IntervalJob|Current Time: 2024/7/25 下午 02:55:28
2024-07-25 14:55:33.0241|INFO|20240708.IntervalJob|Current Time: 2024/7/25 下午 02:55:33
2024-07-25 14:55:38.0151|INFO|20240708.IntervalJob|Current Time: 2024/7/25 下午 02:55:38
2024-07-25 14:55:43.0194|INFO|20240708.IntervalJob|Current Time: 2024/7/25 下午 02:55:43
2024-07-25 14:55:48.0136|INFO|20240708.IntervalJob|Current Time: 2024/7/25 下午 02:55:48
2024-07-25 14:55:53.0154|INFO|20240708.IntervalJob|Current Time: 2024/7/25 下午 02:55:53
2024-07-25 14:55:58.0216|INFO|20240708.IntervalJob|Current Time: 2024/7/25 下午 02:55:58
2024-07-25 14:56:03.0181|INFO|20240708.IntervalJob|Current Time: 2024/7/25 下午 02:56:03
2024-07-25 14:56:08.0198|INFO|20240708.IntervalJob|Current Time: 2024/7/25 下午 02:56:08
2024-07-25 14:56:13.0112|INFO|20240708.IntervalJob|Current Time: 2024/7/25 下午 02:56:13
2024-07-25 15:01:34.6253|INFO|Quartz.Impl.StdSchedulerFactory|Default Quartz.NET properties loaded from embedded resource file
2024-07-25 15:01:34.9485|INFO|Quartz.Core.SchedulerSignalerImpl|Initialized Scheduler Signaller of type: Quartz.Core.SchedulerSignalerImpl
2024-07-25 15:01:34.9485|INFO|Quartz.Core.QuartzScheduler|Quartz Scheduler created
2024-07-25 15:01:34.9485|INFO|Quartz.Simpl.RAMJobStore|RAMJobStore initialized.
2024-07-25 15:01:34.9578|INFO|Quartz.Impl.StdSchedulerFactory|Quartz Scheduler 3.11.0.0 - 'DefaultQuartzScheduler' with instanceId 'NON_CLUSTERED' initialized
2024-07-25 15:01:34.9578|INFO|Quartz.Impl.StdSchedulerFactory|Using thread pool 'Quartz.Simpl.DefaultThreadPool', size: 10
2024-07-25 15:01:34.9578|INFO|Quartz.Impl.StdSchedulerFactory|Using job store 'Quartz.Simpl.RAMJobStore', supports persistence: False, clustered: False
2024-07-25 15:01:34.9578|INFO|Quartz.Core.QuartzScheduler|Scheduler DefaultQuartzScheduler_$_NON_CLUSTERED started.
2024-07-25 15:01:34.9796|INFO|Quartz.Impl.StdSchedulerFactory|Default Quartz.NET properties loaded from embedded resource file
2024-07-25 15:01:34.9796|INFO|Quartz.Core.QuartzScheduler|Scheduler DefaultQuartzScheduler_$_NON_CLUSTERED started.
2024-07-25 15:01:35.0200|INFO|20240708.IntervalJob|Current Time: 2024/7/25 下午 03:01:35
2024-07-25 15:01:39.9727|INFO|20240708.IntervalJob|Current Time: 2024/7/25 下午 03:01:39
2024-07-25 15:01:44.9699|INFO|20240708.IntervalJob|Current Time: 2024/7/25 下午 03:01:44
2024-07-25 15:01:49.9721|INFO|20240708.IntervalJob|Current Time: 2024/7/25 下午 03:01:49
2024-07-25 15:01:54.9799|INFO|20240708.IntervalJob|Current Time: 2024/7/25 下午 03:01:54
2024-07-25 15:01:59.9831|INFO|20240708.IntervalJob|Current Time: 2024/7/25 下午 03:01:59
2024-07-25 15:02:00.0149|INFO|20240708.SpecificTimeJob|Current Time: 2024/7/25 下午 03:02:00
2024-07-25 15:02:04.9703|INFO|20240708.IntervalJob|Current Time: 2024/7/25 下午 03:02:04
2024-07-25 15:02:09.9741|INFO|20240708.IntervalJob|Current Time: 2024/7/25 下午 03:02:09
2024-07-25 15:51:01.6911|INFO|Quartz.Impl.StdSchedulerFactory|Default Quartz.NET properties loaded from embedded resource file
2024-07-25 15:51:02.0079|INFO|Quartz.Core.SchedulerSignalerImpl|Initialized Scheduler Signaller of type: Quartz.Core.SchedulerSignalerImpl
2024-07-25 15:51:02.0079|INFO|Quartz.Core.QuartzScheduler|Quartz Scheduler created
2024-07-25 15:51:02.0079|INFO|Quartz.Simpl.RAMJobStore|RAMJobStore initialized.
2024-07-25 15:51:02.0079|INFO|Quartz.Impl.StdSchedulerFactory|Quartz Scheduler 3.11.0.0 - 'DefaultQuartzScheduler' with instanceId 'NON_CLUSTERED' initialized
2024-07-25 15:51:02.0079|INFO|Quartz.Impl.StdSchedulerFactory|Using thread pool 'Quartz.Simpl.DefaultThreadPool', size: 10
2024-07-25 15:51:02.0079|INFO|Quartz.Impl.StdSchedulerFactory|Using job store 'Quartz.Simpl.RAMJobStore', supports persistence: False, clustered: False
2024-07-25 15:51:02.0175|INFO|Quartz.Core.QuartzScheduler|Scheduler DefaultQuartzScheduler_$_NON_CLUSTERED started.
2024-07-25 15:51:02.0359|INFO|Quartz.Impl.StdSchedulerFactory|Default Quartz.NET properties loaded from embedded resource file
2024-07-25 15:51:02.0359|INFO|Quartz.Core.QuartzScheduler|Scheduler DefaultQuartzScheduler_$_NON_CLUSTERED started.
2024-07-25 15:51:02.1045|INFO|20240708.IntervalJob|Current Time: 2024/7/25 下午 03:51:02
2024-07-25 15:51:02.1045|INFO|20240708.SpecificTimeJob|Current Time: 2024/7/25 下午 03:51:02
2024-07-25 15:51:20.3111|INFO|Quartz.Impl.StdSchedulerFactory|Default Quartz.NET properties loaded from embedded resource file
2024-07-25 15:51:20.6238|INFO|Quartz.Core.SchedulerSignalerImpl|Initialized Scheduler Signaller of type: Quartz.Core.SchedulerSignalerImpl
2024-07-25 15:51:20.6238|INFO|Quartz.Core.QuartzScheduler|Quartz Scheduler created
2024-07-25 15:51:20.6322|INFO|Quartz.Simpl.RAMJobStore|RAMJobStore initialized.
2024-07-25 15:51:20.6322|INFO|Quartz.Impl.StdSchedulerFactory|Quartz Scheduler 3.11.0.0 - 'DefaultQuartzScheduler' with instanceId 'NON_CLUSTERED' initialized
2024-07-25 15:51:20.6322|INFO|Quartz.Impl.StdSchedulerFactory|Using thread pool 'Quartz.Simpl.DefaultThreadPool', size: 10
2024-07-25 15:51:20.6322|INFO|Quartz.Impl.StdSchedulerFactory|Using job store 'Quartz.Simpl.RAMJobStore', supports persistence: False, clustered: False
2024-07-25 15:51:20.6322|INFO|Quartz.Core.QuartzScheduler|Scheduler DefaultQuartzScheduler_$_NON_CLUSTERED started.
2024-07-25 15:51:20.6533|INFO|Quartz.Impl.StdSchedulerFactory|Default Quartz.NET properties loaded from embedded resource file
2024-07-25 15:51:20.6533|INFO|Quartz.Core.QuartzScheduler|Scheduler DefaultQuartzScheduler_$_NON_CLUSTERED started.
2024-07-25 15:51:20.7150|INFO|20240708.IntervalJob|Current Time: 2024/7/25 下午 03:51:20
2024-07-25 15:51:25.6549|INFO|20240708.IntervalJob|Current Time: 2024/7/25 下午 03:51:25
2024-07-25 15:51:30.6492|INFO|20240708.IntervalJob|Current Time: 2024/7/25 下午 03:51:30
2024-07-25 15:51:35.6475|INFO|20240708.IntervalJob|Current Time: 2024/7/25 下午 03:51:35
2024-07-25 15:51:40.6564|INFO|20240708.IntervalJob|Current Time: 2024/7/25 下午 03:51:40
2024-07-25 15:51:45.6593|INFO|20240708.IntervalJob|Current Time: 2024/7/25 下午 03:51:45
2024-07-25 15:51:50.6453|INFO|20240708.IntervalJob|Current Time: 2024/7/25 下午 03:51:50
2024-07-25 15:51:55.6514|INFO|20240708.IntervalJob|Current Time: 2024/7/25 下午 03:51:55
2024-07-25 15:52:00.0151|INFO|20240708.SpecificTimeJob|Current Time: 2024/7/25 下午 03:52:00
2024-07-25 15:52:00.6497|INFO|20240708.IntervalJob|Current Time: 2024/7/25 下午 03:52:00
2024-07-25 15:52:05.6611|INFO|20240708.IntervalJob|Current Time: 2024/7/25 下午 03:52:05
2024-07-25 15:52:10.6523|INFO|20240708.IntervalJob|Current Time: 2024/7/25 下午 03:52:10
2024-07-25 15:52:15.6601|INFO|20240708.IntervalJob|Current Time: 2024/7/25 下午 03:52:15
2024-07-25 15:52:20.6529|INFO|20240708.IntervalJob|Current Time: 2024/7/25 下午 03:52:20
2024-07-25 15:52:25.6554|INFO|20240708.IntervalJob|Current Time: 2024/7/25 下午 03:52:25
2024-07-25 15:52:30.6538|INFO|20240708.IntervalJob|Current Time: 2024/7/25 下午 03:52:30
2024-07-25 15:52:35.6460|INFO|20240708.IntervalJob|Current Time: 2024/7/25 下午 03:52:35
2024-07-25 15:52:40.6571|INFO|20240708.IntervalJob|Current Time: 2024/7/25 下午 03:52:40
2024-07-25 15:52:45.6584|INFO|20240708.IntervalJob|Current Time: 2024/7/25 下午 03:52:45
2024-07-25 15:52:50.6485|INFO|20240708.IntervalJob|Current Time: 2024/7/25 下午 03:52:50
2024-07-25 15:52:55.6443|INFO|20240708.IntervalJob|Current Time: 2024/7/25 下午 03:52:55
2024-07-25 15:53:00.6553|INFO|20240708.IntervalJob|Current Time: 2024/7/25 下午 03:53:00
2024-07-25 15:53:05.6506|INFO|20240708.IntervalJob|Current Time: 2024/7/25 下午 03:53:05
2024-07-25 15:53:10.6536|INFO|20240708.IntervalJob|Current Time: 2024/7/25 下午 03:53:10
2024-07-25 15:53:15.6566|INFO|20240708.IntervalJob|Current Time: 2024/7/25 下午 03:53:15
2024-07-25 15:53:20.6521|INFO|20240708.IntervalJob|Current Time: 2024/7/25 下午 03:53:20
2024-07-25 15:53:25.6516|INFO|20240708.IntervalJob|Current Time: 2024/7/25 下午 03:53:25
2024-07-25 15:53:30.6543|INFO|20240708.IntervalJob|Current Time: 2024/7/25 下午 03:53:30
2024-07-25 15:53:35.6579|INFO|20240708.IntervalJob|Current Time: 2024/7/25 下午 03:53:35
2024-07-25 15:53:40.6442|INFO|20240708.IntervalJob|Current Time: 2024/7/25 下午 03:53:40
2024-07-25 15:53:45.6591|INFO|20240708.IntervalJob|Current Time: 2024/7/25 下午 03:53:45
2024-07-25 15:53:50.6474|INFO|20240708.IntervalJob|Current Time: 2024/7/25 下午 03:53:50
2024-07-25 15:53:55.6514|INFO|20240708.IntervalJob|Current Time: 2024/7/25 下午 03:53:55
2024-07-25 15:54:00.6515|INFO|20240708.IntervalJob|Current Time: 2024/7/25 下午 03:54:00
2024-07-25 15:54:05.6593|INFO|20240708.IntervalJob|Current Time: 2024/7/25 下午 03:54:05
2024-07-25 15:54:10.6584|INFO|20240708.IntervalJob|Current Time: 2024/7/25 下午 03:54:10
2024-07-25 15:54:15.6524|INFO|20240708.IntervalJob|Current Time: 2024/7/25 下午 03:54:15
2024-07-25 15:54:20.6583|INFO|20240708.IntervalJob|Current Time: 2024/7/25 下午 03:54:20
2024-07-25 15:54:25.6658|INFO|20240708.IntervalJob|Current Time: 2024/7/25 下午 03:54:25
2024-07-25 15:54:30.6517|INFO|20240708.IntervalJob|Current Time: 2024/7/25 下午 03:54:30
2024-07-25 15:54:35.6565|INFO|20240708.IntervalJob|Current Time: 2024/7/25 下午 03:54:35
2024-07-25 15:54:40.6504|INFO|20240708.IntervalJob|Current Time: 2024/7/25 下午 03:54:40
2024-07-25 15:54:45.6564|INFO|20240708.IntervalJob|Current Time: 2024/7/25 下午 03:54:45
2024-07-25 15:54:50.6579|INFO|20240708.IntervalJob|Current Time: 2024/7/25 下午 03:54:50
2024-07-25 15:54:55.6543|INFO|20240708.IntervalJob|Current Time: 2024/7/25 下午 03:54:55
2024-07-25 15:55:00.6519|INFO|20240708.IntervalJob|Current Time: 2024/7/25 下午 03:55:00
2024-07-25 15:55:05.6515|INFO|20240708.IntervalJob|Current Time: 2024/7/25 下午 03:55:05
2024-07-25 15:55:10.6515|INFO|20240708.IntervalJob|Current Time: 2024/7/25 下午 03:55:10
2024-07-25 15:55:15.6563|INFO|20240708.IntervalJob|Current Time: 2024/7/25 下午 03:55:15
2024-07-25 15:55:20.6492|INFO|20240708.IntervalJob|Current Time: 2024/7/25 下午 03:55:20
2024-07-25 15:55:25.6597|INFO|20240708.IntervalJob|Current Time: 2024/7/25 下午 03:55:25
2024-07-25 15:55:30.6537|INFO|20240708.IntervalJob|Current Time: 2024/7/25 下午 03:55:30
2024-07-25 15:55:35.6568|INFO|20240708.IntervalJob|Current Time: 2024/7/25 下午 03:55:35
2024-07-25 15:55:40.6583|INFO|20240708.IntervalJob|Current Time: 2024/7/25 下午 03:55:40
2024-07-25 15:55:45.6472|INFO|20240708.IntervalJob|Current Time: 2024/7/25 下午 03:55:45
2024-07-25 15:55:50.6521|INFO|20240708.IntervalJob|Current Time: 2024/7/25 下午 03:55:50
2024-07-25 15:55:55.6523|INFO|20240708.IntervalJob|Current Time: 2024/7/25 下午 03:55:55
2024-07-25 15:56:00.6455|INFO|20240708.IntervalJob|Current Time: 2024/7/25 下午 03:56:00
2024-07-25 15:56:05.6554|INFO|20240708.IntervalJob|Current Time: 2024/7/25 下午 03:56:05
2024-07-25 15:56:10.6578|INFO|20240708.IntervalJob|Current Time: 2024/7/25 下午 03:56:10
2024-07-25 15:56:15.6445|INFO|20240708.IntervalJob|Current Time: 2024/7/25 下午 03:56:15
2024-07-25 15:56:20.6470|INFO|20240708.IntervalJob|Current Time: 2024/7/25 下午 03:56:20
2024-07-25 15:56:25.6541|INFO|20240708.IntervalJob|Current Time: 2024/7/25 下午 03:56:25
2024-07-25 15:56:30.6533|INFO|20240708.IntervalJob|Current Time: 2024/7/25 下午 03:56:30
2024-07-25 15:56:35.6495|INFO|20240708.IntervalJob|Current Time: 2024/7/25 下午 03:56:35
2024-07-25 15:56:40.6575|INFO|20240708.IntervalJob|Current Time: 2024/7/25 下午 03:56:40
2024-07-25 15:56:45.6565|INFO|20240708.IntervalJob|Current Time: 2024/7/25 下午 03:56:45
2024-07-25 15:56:50.6484|INFO|20240708.IntervalJob|Current Time: 2024/7/25 下午 03:56:50
2024-07-25 15:56:55.6449|INFO|20240708.IntervalJob|Current Time: 2024/7/25 下午 03:56:55
2024-07-25 15:57:00.6575|INFO|20240708.IntervalJob|Current Time: 2024/7/25 下午 03:57:00
2024-07-25 15:57:05.6543|INFO|20240708.IntervalJob|Current Time: 2024/7/25 下午 03:57:05
2024-07-25 15:57:10.6442|INFO|20240708.IntervalJob|Current Time: 2024/7/25 下午 03:57:10
2024-07-25 15:57:15.6496|INFO|20240708.IntervalJob|Current Time: 2024/7/25 下午 03:57:15
2024-07-25 15:57:20.6550|INFO|20240708.IntervalJob|Current Time: 2024/7/25 下午 03:57:20
2024-07-25 15:57:25.6492|INFO|20240708.IntervalJob|Current Time: 2024/7/25 下午 03:57:25
2024-07-25 15:57:30.6580|INFO|20240708.IntervalJob|Current Time: 2024/7/25 下午 03:57:30
2024-07-25 15:57:35.6587|INFO|20240708.IntervalJob|Current Time: 2024/7/25 下午 03:57:35
2024-07-25 15:57:40.6488|INFO|20240708.IntervalJob|Current Time: 2024/7/25 下午 03:57:40
2024-07-25 15:57:45.6552|INFO|20240708.IntervalJob|Current Time: 2024/7/25 下午 03:57:45
2024-07-25 15:57:50.6582|INFO|20240708.IntervalJob|Current Time: 2024/7/25 下午 03:57:50
2024-07-25 15:57:55.6499|INFO|20240708.IntervalJob|Current Time: 2024/7/25 下午 03:57:55
2024-07-25 15:58:00.6567|INFO|20240708.IntervalJob|Current Time: 2024/7/25 下午 03:58:00
2024-07-25 15:58:05.6567|INFO|20240708.IntervalJob|Current Time: 2024/7/25 下午 03:58:05
2024-07-25 15:58:10.6554|INFO|20240708.IntervalJob|Current Time: 2024/7/25 下午 03:58:10
2024-07-25 15:58:15.6482|INFO|20240708.IntervalJob|Current Time: 2024/7/25 下午 03:58:15
2024-07-25 15:58:20.6501|INFO|20240708.IntervalJob|Current Time: 2024/7/25 下午 03:58:20
2024-07-25 15:58:25.6536|INFO|20240708.IntervalJob|Current Time: 2024/7/25 下午 03:58:25
2024-07-25 15:58:30.6730|INFO|20240708.IntervalJob|Current Time: 2024/7/25 下午 03:58:30
2024-07-25 15:58:35.6538|INFO|20240708.IntervalJob|Current Time: 2024/7/25 下午 03:58:35
2024-07-25 15:58:40.6532|INFO|20240708.IntervalJob|Current Time: 2024/7/25 下午 03:58:40
2024-07-25 15:58:45.6526|INFO|20240708.IntervalJob|Current Time: 2024/7/25 下午 03:58:45
2024-07-25 15:58:50.6563|INFO|20240708.IntervalJob|Current Time: 2024/7/25 下午 03:58:50
2024-07-25 15:58:55.6588|INFO|20240708.IntervalJob|Current Time: 2024/7/25 下午 03:58:55
2024-07-25 15:59:00.6553|INFO|20240708.IntervalJob|Current Time: 2024/7/25 下午 03:59:00
2024-07-25 15:59:05.6527|INFO|20240708.IntervalJob|Current Time: 2024/7/25 下午 03:59:05
2024-07-25 15:59:10.6455|INFO|20240708.IntervalJob|Current Time: 2024/7/25 下午 03:59:10
2024-07-25 15:59:15.6565|INFO|20240708.IntervalJob|Current Time: 2024/7/25 下午 03:59:15
2024-07-25 15:59:20.6604|INFO|20240708.IntervalJob|Current Time: 2024/7/25 下午 03:59:20
2024-07-25 15:59:25.6570|INFO|20240708.IntervalJob|Current Time: 2024/7/25 下午 03:59:25
2024-07-25 15:59:30.6509|INFO|20240708.IntervalJob|Current Time: 2024/7/25 下午 03:59:30
2024-07-25 15:59:35.6525|INFO|20240708.IntervalJob|Current Time: 2024/7/25 下午 03:59:35
2024-07-25 15:59:40.6472|INFO|20240708.IntervalJob|Current Time: 2024/7/25 下午 03:59:40
2024-07-25 15:59:45.6546|INFO|20240708.IntervalJob|Current Time: 2024/7/25 下午 03:59:45
2024-07-25 15:59:50.6564|INFO|20240708.IntervalJob|Current Time: 2024/7/25 下午 03:59:50
2024-07-25 15:59:55.6589|INFO|20240708.IntervalJob|Current Time: 2024/7/25 下午 03:59:55
2024-07-25 16:00:00.6518|INFO|20240708.IntervalJob|Current Time: 2024/7/25 下午 04:00:00
2024-07-25 16:00:05.6467|INFO|20240708.IntervalJob|Current Time: 2024/7/25 下午 04:00:05
2024-07-25 16:00:10.6504|INFO|20240708.IntervalJob|Current Time: 2024/7/25 下午 04:00:10
2024-07-25 16:00:15.6546|INFO|20240708.IntervalJob|Current Time: 2024/7/25 下午 04:00:15
2024-07-25 16:00:20.6524|INFO|20240708.IntervalJob|Current Time: 2024/7/25 下午 04:00:20
2024-07-25 16:00:25.6578|INFO|20240708.IntervalJob|Current Time: 2024/7/25 下午 04:00:25
2024-07-25 16:00:30.6444|INFO|20240708.IntervalJob|Current Time: 2024/7/25 下午 04:00:30
2024-07-25 16:00:35.6540|INFO|20240708.IntervalJob|Current Time: 2024/7/25 下午 04:00:35
2024-07-25 16:00:40.6562|INFO|20240708.IntervalJob|Current Time: 2024/7/25 下午 04:00:40
2024-07-25 16:00:45.6497|INFO|20240708.IntervalJob|Current Time: 2024/7/25 下午 04:00:45
2024-07-25 16:00:50.6587|INFO|20240708.IntervalJob|Current Time: 2024/7/25 下午 04:00:50
